d:\ordner\projekte\battledotzombie\render\x64\debug\vc141.pdb
d:\ordner\projekte\battledotzombie\render\x64\debug\vc141.idb
d:\ordner\projekte\battledotzombie\render\x64\debug\engine.obj
d:\ordner\projekte\battledotzombie\render\x64\debug\render.obj
d:\ordner\projekte\battledotzombie\render\x64\debug\shader_loader.obj
d:\ordner\projekte\battledotzombie\x64\debug\render.pyd
d:\ordner\projekte\battledotzombie\x64\debug\render.ilk
d:\ordner\projekte\battledotzombie\x64\debug\render.pdb
d:\ordner\projekte\battledotzombie\render\x64\debug\render.res
d:\ordner\projekte\battledotzombie\x64\debug\render.lib
d:\ordner\projekte\battledotzombie\x64\debug\render.exp
d:\ordner\projekte\battledotzombie\render\x64\debug\render.tlog\cl.command.1.tlog
d:\ordner\projekte\battledotzombie\render\x64\debug\render.tlog\cl.read.1.tlog
d:\ordner\projekte\battledotzombie\render\x64\debug\render.tlog\cl.write.1.tlog
d:\ordner\projekte\battledotzombie\render\x64\debug\render.tlog\link.command.1.tlog
d:\ordner\projekte\battledotzombie\render\x64\debug\render.tlog\link.read.1.tlog
d:\ordner\projekte\battledotzombie\render\x64\debug\render.tlog\link.write.1.tlog
d:\ordner\projekte\battledotzombie\render\x64\debug\render.tlog\rc.command.1.tlog
d:\ordner\projekte\battledotzombie\render\x64\debug\render.tlog\rc.read.1.tlog
d:\ordner\projekte\battledotzombie\render\x64\debug\render.tlog\rc.write.1.tlog
d:\ordner\projekte\battledotzombie\render\x64\debug\render.tlog\render.write.1u.tlog
